[debug] [2026-02-10T18:23:32.972Z] ----------------------------------------------------------------------
[debug] [2026-02-10T18:23:32.978Z] Command:       /usr/local/bin/node /usr/local/bin/firebase -P max-taxi-admin-7n82h1 deploy --only firestore:indexes
[debug] [2026-02-10T18:23:32.980Z] CLI Version:   14.14.0
[debug] [2026-02-10T18:23:32.980Z] Platform:      darwin
[debug] [2026-02-10T18:23:32.981Z] Node Version:  v22.18.0
[debug] [2026-02-10T18:23:32.982Z] Time:          Tue Feb 10 2026 20:23:32 GMT+0200 (Central Africa Time)
[debug] [2026-02-10T18:23:32.982Z] ----------------------------------------------------------------------
[debug] 
[debug] [2026-02-10T18:23:33.418Z] Object "" in "firebase.json" has unknown property: {"additionalProperty":"flutter"}
[debug] [2026-02-10T18:23:33.431Z] > command requires scopes: ["email","openid","https://www.googleapis.com/auth/cloudplatformprojects.readonly","https://www.googleapis.com/auth/firebase","https://www.googleapis.com/auth/cloud-platform"]
[debug] [2026-02-10T18:23:33.432Z] > authorizing via signed-in user (developer@thestackone.com)
[debug] [2026-02-10T18:23:33.432Z] [iam] checking project max-taxi-admin-7n82h1 for permissions ["datastore.indexes.create","datastore.indexes.delete","datastore.indexes.list","datastore.indexes.update","firebase.projects.get"]
[debug] [2026-02-10T18:23:33.434Z] Checked if tokens are valid: true, expires at: 1770751404052
[debug] [2026-02-10T18:23:33.434Z] Checked if tokens are valid: true, expires at: 1770751404052
[debug] [2026-02-10T18:23:33.436Z] >>> [apiv2][query] POST https://cloudresourcemanager.googleapis.com/v1/projects/max-taxi-admin-7n82h1:testIamPermissions [none]
[debug] [2026-02-10T18:23:33.436Z] >>> [apiv2][(partial)header] POST https://cloudresourcemanager.googleapis.com/v1/projects/max-taxi-admin-7n82h1:testIamPermissions x-goog-quota-user=projects/max-taxi-admin-7n82h1
[debug] [2026-02-10T18:23:33.436Z] >>> [apiv2][body] POST https://cloudresourcemanager.googleapis.com/v1/projects/max-taxi-admin-7n82h1:testIamPermissions {"permissions":["datastore.indexes.create","datastore.indexes.delete","datastore.indexes.list","datastore.indexes.update","firebase.projects.get"]}
[debug] [2026-02-10T18:23:35.707Z] <<< [apiv2][status] POST https://cloudresourcemanager.googleapis.com/v1/projects/max-taxi-admin-7n82h1:testIamPermissions 200
[debug] [2026-02-10T18:23:35.708Z] <<< [apiv2][body] POST https://cloudresourcemanager.googleapis.com/v1/projects/max-taxi-admin-7n82h1:testIamPermissions {"permissions":["datastore.indexes.create","datastore.indexes.delete","datastore.indexes.list","datastore.indexes.update","firebase.projects.get"]}
[info] 
[info] === Deploying to 'max-taxi-admin-7n82h1'...
[info] 
[info] i  deploying firestore 
[info] i  firestore: reading indexes from firestore.indexes.json... 
[info] i  cloud.firestore: checking firestore.rules for compilation errors... 
[debug] [2026-02-10T18:23:35.726Z] Checked if tokens are valid: true, expires at: 1770751404052
[debug] [2026-02-10T18:23:35.726Z] Checked if tokens are valid: true, expires at: 1770751404052
[debug] [2026-02-10T18:23:35.727Z] >>> [apiv2][query] POST https://firebaserules.googleapis.com/v1/projects/max-taxi-admin-7n82h1:test [none]
[debug] [2026-02-10T18:23:35.727Z] >>> [apiv2][body] POST https://firebaserules.googleapis.com/v1/projects/max-taxi-admin-7n82h1:test [omitted]
[debug] [2026-02-10T18:23:37.527Z] <<< [apiv2][status] POST https://firebaserules.googleapis.com/v1/projects/max-taxi-admin-7n82h1:test 200
[debug] [2026-02-10T18:23:37.528Z] <<< [apiv2][body] POST https://firebaserules.googleapis.com/v1/projects/max-taxi-admin-7n82h1:test {"issues":[{"sourcePosition":{"fileName":"firestore.rules","line":11,"column":14,"currentOffset":301,"endOffset":307},"description":"Unused function: isOwner.","severity":"WARNING"},{"sourcePosition":{"fileName":"firestore.rules","line":12,"column":35,"currentOffset":354,"endOffset":360},"description":"Invalid variable name: request.","severity":"WARNING"}]}
[warn] ⚠  [W] 11:14 - Unused function: isOwner. 
[warn] ⚠  [W] 12:35 - Invalid variable name: request. 
[info] ✔  cloud.firestore: rules file firestore.rules compiled successfully 
[debug] [2026-02-10T18:23:37.536Z] Checked if tokens are valid: true, expires at: 1770751404052
[debug] [2026-02-10T18:23:37.536Z] Checked if tokens are valid: true, expires at: 1770751404052
[debug] [2026-02-10T18:23:37.536Z] >>> [apiv2][query] GET https://firestore.googleapis.com/v1/projects/max-taxi-admin-7n82h1/databases/(default) [none]
[debug] [2026-02-10T18:23:39.677Z] <<< [apiv2][status] GET https://firestore.googleapis.com/v1/projects/max-taxi-admin-7n82h1/databases/(default) 200
[debug] [2026-02-10T18:23:39.678Z] <<< [apiv2][body] GET https://firestore.googleapis.com/v1/projects/max-taxi-admin-7n82h1/databases/(default) {"name":"projects/max-taxi-admin-7n82h1/databases/(default)","uid":"d21740d2-c50d-4d36-857d-81aa74888613","createTime":"2024-03-03T11:02:49.770209Z","updateTime":"2024-03-03T11:02:49.770209Z","locationId":"nam5","type":"FIRESTORE_NATIVE","concurrencyMode":"PESSIMISTIC","versionRetentionPeriod":"3600s","earliestVersionTime":"2026-02-10T17:23:39.525635Z","appEngineIntegrationMode":"DISABLED","keyPrefix":"s","pointInTimeRecoveryEnablement":"POINT_IN_TIME_RECOVERY_DISABLED","deleteProtectionState":"DELETE_PROTECTION_DISABLED","databaseEdition":"STANDARD","freeTier":true,"realtimeUpdatesMode":"REALTIME_UPDATES_MODE_ENABLED","etag":"IJqGlNbFz5IDMJW9v+aZhpAD"}
[info] i  firestore: deploying indexes... 
[debug] [2026-02-10T18:23:39.679Z] Checked if tokens are valid: true, expires at: 1770751404052
[debug] [2026-02-10T18:23:39.679Z] Checked if tokens are valid: true, expires at: 1770751404052
[debug] [2026-02-10T18:23:39.679Z] >>> [apiv2][query] GET https://firestore.googleapis.com/v1/projects/max-taxi-admin-7n82h1/databases/(default)/collectionGroups/-/indexes [none]
[debug] [2026-02-10T18:23:40.102Z] <<< [apiv2][status] GET https://firestore.googleapis.com/v1/projects/max-taxi-admin-7n82h1/databases/(default)/collectionGroups/-/indexes 200
[debug] [2026-02-10T18:23:40.102Z] <<< [apiv2][body] GET https://firestore.googleapis.com/v1/projects/max-taxi-admin-7n82h1/databases/(default)/collectionGroups/-/indexes {"indexes":[{"name":"projects/max-taxi-admin-7n82h1/databases/(default)/collectionGroups/ride/indexes/CICAgJim14AK","queryScope":"COLLECTION","fields":[{"fieldPath":"PassengerId","order":"ASCENDING"},{"fieldPath":"scheduled_time","order":"ASCENDING"},{"fieldPath":"__name__","order":"ASCENDING"}],"state":"READY","density":"SPARSE_ALL"},{"name":"projects/max-taxi-admin-7n82h1/databases/(default)/collectionGroups/ride/indexes/CICAgOjXh4EK","queryScope":"COLLECTION","fields":[{"fieldPath":"ride_type","order":"ASCENDING"},{"fieldPath":"scheduled_time","order":"ASCENDING"},{"fieldPath":"__name__","order":"ASCENDING"}],"state":"READY","density":"SPARSE_ALL"},{"name":"projects/max-taxi-admin-7n82h1/databases/(default)/collectionGroups/ride/indexes/CICAgJjF9oIK","queryScope":"COLLECTION","fields":[{"fieldPath":"PassengerId","order":"ASCENDING"},{"fieldPath":"scheduled_time","order":"DESCENDING"},{"fieldPath":"__name__","order":"DESCENDING"}],"state":"READY","density":"SPARSE_ALL"},{"name":"projects/max-taxi-admin-7n82h1/databases/(default)/collectionGroups/ride/indexes/CICAgJiUpoMK","queryScope":"COLLECTION","fields":[{"fieldPath":"PassengerId","order":"ASCENDING"},{"fieldPath":"ride_type","order":"ASCENDING"},{"fieldPath":"scheduled_time","order":"ASCENDING"},{"fieldPath":"__name__","order":"ASCENDING"}],"state":"READY","density":"SPARSE_ALL"}]}
[debug] [2026-02-10T18:23:40.103Z] Checked if tokens are valid: true, expires at: 1770751404052
[debug] [2026-02-10T18:23:40.103Z] Checked if tokens are valid: true, expires at: 1770751404052
[debug] [2026-02-10T18:23:40.103Z] >>> [apiv2][query] GET https://firestore.googleapis.com/v1/projects/max-taxi-admin-7n82h1/databases/(default)/collectionGroups/-/fields?filter=indexConfig.usesAncestorConfig=false OR ttlConfig:* [none]
[debug] [2026-02-10T18:23:40.563Z] <<< [apiv2][status] GET https://firestore.googleapis.com/v1/projects/max-taxi-admin-7n82h1/databases/(default)/collectionGroups/-/fields?filter=indexConfig.usesAncestorConfig=false OR ttlConfig:* 200
[debug] [2026-02-10T18:23:40.564Z] <<< [apiv2][body] GET https://firestore.googleapis.com/v1/projects/max-taxi-admin-7n82h1/databases/(default)/collectionGroups/-/fields?filter=indexConfig.usesAncestorConfig=false OR ttlConfig:* {"fields":[{"name":"projects/max-taxi-admin-7n82h1/databases/(default)/collectionGroups/__default__/fields/*","indexConfig":{"indexes":[{"queryScope":"COLLECTION","fields":[{"fieldPath":"*","order":"ASCENDING"}],"state":"READY"},{"queryScope":"COLLECTION","fields":[{"fieldPath":"*","order":"DESCENDING"}],"state":"READY"},{"queryScope":"COLLECTION","fields":[{"fieldPath":"*","arrayConfig":"CONTAINS"}],"state":"READY"}]}}]}
[debug] [2026-02-10T18:23:40.564Z] Checked if tokens are valid: true, expires at: 1770751404052
[debug] [2026-02-10T18:23:40.564Z] Checked if tokens are valid: true, expires at: 1770751404052
[debug] [2026-02-10T18:23:40.564Z] >>> [apiv2][query] GET https://firestore.googleapis.com/v1/projects/max-taxi-admin-7n82h1/databases/(default) [none]
[debug] [2026-02-10T18:23:40.981Z] <<< [apiv2][status] GET https://firestore.googleapis.com/v1/projects/max-taxi-admin-7n82h1/databases/(default) 200
[debug] [2026-02-10T18:23:40.981Z] <<< [apiv2][body] GET https://firestore.googleapis.com/v1/projects/max-taxi-admin-7n82h1/databases/(default) {"name":"projects/max-taxi-admin-7n82h1/databases/(default)","uid":"d21740d2-c50d-4d36-857d-81aa74888613","createTime":"2024-03-03T11:02:49.770209Z","updateTime":"2024-03-03T11:02:49.770209Z","locationId":"nam5","type":"FIRESTORE_NATIVE","concurrencyMode":"PESSIMISTIC","versionRetentionPeriod":"3600s","earliestVersionTime":"2026-02-10T17:23:40.861908Z","appEngineIntegrationMode":"DISABLED","keyPrefix":"s","pointInTimeRecoveryEnablement":"POINT_IN_TIME_RECOVERY_DISABLED","deleteProtectionState":"DELETE_PROTECTION_DISABLED","databaseEdition":"STANDARD","freeTier":true,"realtimeUpdatesMode":"REALTIME_UPDATES_MODE_ENABLED","etag":"II3P5dbFz5IDMJW9v+aZhpAD"}
[info] i  firestore: The following indexes are defined in your project but are not present in your firestore indexes file:
	(ride) -- (PassengerId,ASCENDING) (scheduled_time,ASCENDING)  -- Density:SPARSE_ALL 
	(ride) -- (ride_type,ASCENDING) (scheduled_time,ASCENDING)  -- Density:SPARSE_ALL 
	(ride) -- (PassengerId,ASCENDING) (scheduled_time,DESCENDING)  -- Density:SPARSE_ALL 
	(ride) -- (PassengerId,ASCENDING) (ride_type,ASCENDING) (scheduled_time,ASCENDING)  -- Density:SPARSE_ALL  
